      tile    cloud      
 [1,] "30UVU" "98.410785"
 [2,] "30UVU" "97.45187" 
 [3,] "30UVU" "92.280136"
 [4,] "30UVU" "50.33486" 
 [5,] "30UVU" "45.952851"
 [6,] "30UVU" "60.171658"
 [7,] "30UVU" "33.417478"
 [8,] "30UVU" "97.198695"
 [9,] "30UVU" "33.704481"
[10,] "30UVU" "99.798677"
[11,] "30UVU" "70.67082" 
[12,] "30UVU" "99.99706" 
[13,] "30UVU" "36.449374"
[14,] "30UVU" "85.572328"
[15,] "30UVU" "66.511403"
[16,] "30UVU" "23.935225"
[17,] "30UVU" "48.819727"
[18,] "30UVU" "42.936804"
[19,] "30UVU" "74.810439"
[20,] "30UVU" "30.804335"
[21,] "30UVU" "93.569775"
[22,] "30UVU" "36.071948"
[23,] "30UVU" "87.912559"
[24,] "30UVU" "27.787692"
[25,] "30UVU" "89.027651"
[26,] "30UVU" "95.349656"
[27,] "30UVU" "88.951055"
[28,] "30UVU" "98.114292"
[29,] "30UVU" "38.170123"
[30,] "30UVU" "12.001018"
[31,] "30UVU" "59.899805"
[32,] "30UVU" "67.454317"
[33,] "30UVU" "73.105749"
[34,] "30UVU" "70.696024"
[35,] "30UVU" "11.507279"
[36,] "30UVU" "6.984028" 
[37,] "30UVU" "31.127955"
[38,] "30UVU" "93.634498"
[39,] "30UVU" "17.948472"
[40,] "30UVU" "0.252448" 
[41,] "30UVU" "45.608726"
[42,] "30UVU" "98.314061"
[43,] "30UVU" "88.307333"
[44,] "30UVU" "99.59238" 
[45,] "30UVU" "42.379686"
      tile    cloud      
 [1,] "30UVU" "98.410785"
 [2,] "30UVU" "97.45187" 
 [3,] "30UVU" "92.280136"
 [4,] "30UVU" "50.33486" 
 [5,] "30UVU" "45.952851"
 [6,] "30UVU" "60.171658"
 [7,] "30UVU" "33.417478"
 [8,] "30UVU" "97.198695"
 [9,] "30UVU" "33.704481"
[10,] "30UVU" "99.798677"
[11,] "30UVU" "70.67082" 
[12,] "30UVU" "99.99706" 
[13,] "30UVU" "36.449374"
[14,] "30UVU" "85.572328"
[15,] "30UVU" "66.511403"
[16,] "30UVU" "23.935225"
[17,] "30UVU" "48.819727"
[18,] "30UVU" "42.936804"
[19,] "30UVU" "74.810439"
[20,] "30UVU" "30.804335"
[21,] "30UVU" "93.569775"
[22,] "30UVU" "36.071948"
[23,] "30UVU" "87.912559"
[24,] "30UVU" "27.787692"
[25,] "30UVU" "89.027651"
[26,] "30UVU" "95.349656"
[27,] "30UVU" "88.951055"
[28,] "30UVU" "98.114292"
[29,] "30UVU" "38.170123"
[30,] "30UVU" "12.001018"
[31,] "30UVU" "59.899805"
[32,] "30UVU" "67.454317"
[33,] "30UVU" "73.105749"
[34,] "30UVU" "70.696024"
[35,] "30UVU" "11.507279"
[36,] "30UVU" "6.984028" 
[37,] "30UVU" "31.127955"
[38,] "30UVU" "93.634498"
[39,] "30UVU" "17.948472"
[40,] "30UVU" "0.252448" 
[41,] "30UVU" "45.608726"
[42,] "30UVU" "98.314061"
[43,] "30UVU" "88.307333"
[44,] "30UVU" "99.59238" 
[45,] "30UVU" "42.379686"
                   Reference
Prediction          barley corn permanent meadows rapeseed temporary meadows
  barley               160    0                 1        1                 7
  corn                   1  693                 5        0                15
  permanent meadows      3    3               416        0               211
  rapeseed               0    0                 0       94                 0
  temporary meadows      6   13               256        4               644
  wheat                 13    0                 5        0                 4
                   Reference
Prediction          wheat
  barley               10
  corn                  1
  permanent meadows     4
  rapeseed              0
  temporary meadows     0
  wheat               483
             Class Precision Recall     F1 Specificity Balanced_Accuracy
            barley    0.8939 0.8743 0.8840      0.9934            0.9338
              corn    0.9692 0.9774 0.9733      0.9906            0.9840
 permanent meadows    0.6531 0.6091 0.6303      0.9068            0.7579
          rapeseed    1.0000 0.9495 0.9741      1.0000            0.9747
 temporary meadows    0.6977 0.7310 0.7140      0.8715            0.8013
             wheat    0.9564 0.9699 0.9631      0.9914            0.9806
