      tile    cloud      
 [1,] "32UMC" "83.631118"
 [2,] "32ULC" "92.930406"
 [3,] "32UMC" "40.828761"
 [4,] "32ULC" "2.472848" 
 [5,] "32UMC" "91.796474"
 [6,] "32ULC" "58.875"   
 [7,] "32UMC" "31.436092"
 [8,] "32ULC" "80.031781"
 [9,] "32UMC" "98.913991"
[10,] "32ULC" "85.246247"
[11,] "32UMC" "31.450951"
[12,] "32ULC" "28.195588"
[13,] "32UMC" "63.888315"
[14,] "32ULC" "48.628367"
[15,] "32UMC" "39.522934"
[16,] "32ULC" "36.875358"
[17,] "32UMC" "31.738854"
[18,] "32ULC" "35.979027"
[19,] "32UMC" "78.769933"
[20,] "32ULC" "88.479451"
[21,] "32UMC" "81.874017"
[22,] "32ULC" "66.59888" 
[23,] "32UMC" "41.877125"
[24,] "32ULC" "28.606401"
[25,] "32UMC" "99.048079"
[26,] "32ULC" "93.968676"
[27,] "32UMC" "76.481865"
[28,] "32ULC" "65.414638"
[29,] "32UMC" "31.836235"
[30,] "32ULC" "7.551343" 
[31,] "32UMC" "38.883847"
[32,] "32ULC" "49.262245"
[33,] "32UMC" "93.689654"
[34,] "32ULC" "98.836925"
[35,] "32UMC" "62.273461"
[36,] "32ULC" "93.640275"
[37,] "32UMC" "36.591409"
[38,] "32ULC" "59.59542" 
[39,] "32UMC" "91.441154"
[40,] "32ULC" "98.640947"
[41,] "32UMC" "99.999152"
[42,] "32ULC" "99.999999"
[43,] "32UMC" "27.57386" 
[44,] "32ULC" "31.914424"
[45,] "32UMC" "75.325521"
[46,] "32ULC" "87.638943"
[47,] "32UMC" "85.422118"
[48,] "32ULC" "92.868041"
[49,] "32UMC" "96.384155"
[50,] "32ULC" "99.038107"
[51,] "32UMC" "89.660042"
[52,] "32ULC" "91.233195"
[53,] "32UMC" "97.094296"
[54,] "32ULC" "95.506526"
[55,] "32UMC" "13.100187"
[56,] "32ULC" "29.957726"
[57,] "32UMC" "41.883561"
[58,] "32ULC" "16.375594"
[59,] "32UMC" "33.951912"
[60,] "32ULC" "17.900833"
[61,] "32UMC" "52.164667"
[62,] "32ULC" "86.055616"
[63,] "32UMC" "94.992953"
[64,] "32ULC" "85.186068"
[65,] "32UMC" "84.73786" 
[66,] "32ULC" "70.768312"
[67,] "32UMC" "51.731583"
[68,] "32ULC" "77.22333" 
[69,] "32UMC" "45.063241"
[70,] "32UMC" "98.827468"
[71,] "32ULC" "93.037979"
[72,] "32UMC" "99.692073"
[73,] "32ULC" "96.872804"
[74,] "32UMC" "52.08186" 
[75,] "32ULC" "95.14051" 
[76,] "32UMC" "0.430002" 
[77,] "32ULC" "0.552519" 
[78,] "32UMC" "76.298336"
[79,] "32ULC" "96.076734"
[80,] "32UMC" "99.344816"
[81,] "32ULC" "99.491369"
[82,] "32UMC" "8.947772" 
[83,] "32ULC" "19.18456" 
[84,] "32UMC" "34.802677"
[85,] "32ULC" "62.45006" 
[86,] "32UMC" "99.163412"
[87,] "32ULC" "99.13536" 
[88,] "32UMC" "43.135026"
[89,] "32ULC" "47.340137"
[90,] "32UMC" "40.636479"
[91,] "32ULC" "30.273176"
[92,] "32UMC" "88.918769"
[93,] "32ULC" "95.011847"
       tile    cloud      
  [1,] "32UMC" "83.631118"
  [2,] "32ULC" "92.930406"
  [3,] "31UGT" "93.27655" 
  [4,] "32UMC" "40.828761"
  [5,] "32ULC" "2.472848" 
  [6,] "31UGT" "1.976633" 
  [7,] "32UMC" "91.796474"
  [8,] "32ULC" "58.875"   
  [9,] "31UGT" "56.39943" 
 [10,] "32UMC" "31.436092"
 [11,] "32ULC" "80.031781"
 [12,] "31UGT" "95.358871"
 [13,] "32ULC" "85.246247"
 [14,] "31UGT" "84.84564" 
 [15,] "32UMC" "31.450951"
 [16,] "32ULC" "28.195588"
 [17,] "31UGT" "33.230514"
 [18,] "32UMC" "63.888315"
 [19,] "32ULC" "48.628367"
 [20,] "31UGT" "48.988923"
 [21,] "32UMC" "39.522934"
 [22,] "32ULC" "36.875358"
 [23,] "31UGT" "38.675937"
 [24,] "32UMC" "31.738854"
 [25,] "32ULC" "35.979027"
 [26,] "31UGT" "37.660794"
 [27,] "32UMC" "78.769933"
 [28,] "32ULC" "88.479451"
 [29,] "31UGT" "92.926873"
 [30,] "32UMC" "81.874017"
 [31,] "32ULC" "66.59888" 
 [32,] "31UGT" "67.881239"
 [33,] "32UMC" "41.877125"
 [34,] "32ULC" "28.606401"
 [35,] "31UGT" "28.739073"
 [36,] "32UMC" "99.048079"
 [37,] "32ULC" "93.968676"
 [38,] "31UGT" "93.229875"
 [39,] "32UMC" "76.481865"
 [40,] "32ULC" "65.414638"
 [41,] "31UGT" "65.461115"
 [42,] "32UMC" "31.836235"
 [43,] "32ULC" "7.551343" 
 [44,] "31UGT" "0.557425" 
 [45,] "32UMC" "38.883847"
 [46,] "32ULC" "49.262245"
 [47,] "31UGT" "47.733073"
 [48,] "32UMC" "93.689654"
 [49,] "32ULC" "98.836925"
 [50,] "31UGT" "97.260513"
 [51,] "32UMC" "62.273461"
 [52,] "32ULC" "93.640275"
 [53,] "31UGT" "96.390212"
 [54,] "32UMC" "36.591409"
 [55,] "32ULC" "59.59542" 
 [56,] "31UGT" "59.823861"
 [57,] "32UMC" "91.441154"
 [58,] "32ULC" "98.640947"
 [59,] "31UGT" "94.989671"
 [60,] "32UMC" "99.999152"
 [61,] "32ULC" "99.999999"
 [62,] "31UGT" "100"      
 [63,] "32UMC" "27.57386" 
 [64,] "32ULC" "31.914424"
 [65,] "31UGT" "31.480399"
 [66,] "32UMC" "75.325521"
 [67,] "32ULC" "87.638943"
 [68,] "31UGT" "95.591924"
 [69,] "32UMC" "85.422118"
 [70,] "32ULC" "92.868041"
 [71,] "31UGT" "94.991422"
 [72,] "32UMC" "96.384155"
 [73,] "32ULC" "99.038107"
 [74,] "31UGT" "99.253667"
 [75,] "32UMC" "89.660042"
 [76,] "32ULC" "91.233195"
 [77,] "31UGT" "90.834562"
 [78,] "32UMC" "97.094296"
 [79,] "32ULC" "95.506526"
 [80,] "31UGT" "92.683026"
 [81,] "32UMC" "13.100187"
 [82,] "32ULC" "29.957726"
 [83,] "31UGT" "31.276991"
 [84,] "32UMC" "41.883561"
 [85,] "32ULC" "16.375594"
 [86,] "31UGT" "20.257149"
 [87,] "32UMC" "33.951912"
 [88,] "32ULC" "17.900833"
 [89,] "31UGT" "19.016474"
 [90,] "32UMC" "52.164667"
 [91,] "32ULC" "86.055616"
 [92,] "31UGT" "84.988372"
 [93,] "32UMC" "94.992953"
 [94,] "32ULC" "85.186068"
 [95,] "31UGT" "87.21944" 
 [96,] "32UMC" "84.73786" 
 [97,] "32ULC" "70.768312"
 [98,] "31UGT" "71.587987"
 [99,] "32UMC" "51.731583"
[100,] "32ULC" "77.22333" 
[101,] "31UGT" "74.686024"
[102,] "32UMC" "45.063241"
[103,] "32ULC" "35.422388"
[104,] "31UGT" "64.758204"
[105,] "32UMC" "98.827468"
[106,] "32ULC" "93.037979"
[107,] "31UGT" "91.64974" 
[108,] "32UMC" "99.692073"
[109,] "32ULC" "96.872804"
[110,] "31UGT" "91.939768"
[111,] "32UMC" "52.08186" 
[112,] "32ULC" "95.14051" 
[113,] "32UMC" "0.430002" 
[114,] "32ULC" "0.552519" 
[115,] "31UGT" "0.352803" 
[116,] "32UMC" "76.298336"
[117,] "32ULC" "96.076734"
[118,] "31UGT" "96.486546"
[119,] "32UMC" "99.344816"
[120,] "32ULC" "99.491369"
[121,] "31UGT" "99.340934"
[122,] "32UMC" "8.947772" 
[123,] "32ULC" "19.18456" 
[124,] "31UGT" "23.642005"
[125,] "32UMC" "34.802677"
[126,] "32ULC" "62.45006" 
[127,] "31UGT" "72.747139"
[128,] "32UMC" "99.163412"
[129,] "32ULC" "99.13536" 
[130,] "31UGT" "98.835076"
[131,] "32UMC" "43.135026"
[132,] "32ULC" "47.340137"
[133,] "31UGT" "53.845904"
[134,] "32UMC" "40.636479"
[135,] "32ULC" "30.273176"
[136,] "31UGT" "23.548253"
[137,] "32UMC" "88.918769"
[138,] "32ULC" "95.011847"
[139,] "31UGT" "93.875626"
         Actual
Predicted 1 2 3 4 5 6
        1 1 0 0 0 5 0
        2 3 3 0 0 0 0
        3 1 3 7 6 0 0
        6 0 0 0 0 0 3
